<?xml version="1.0" encoding="UTF-8"?>
<!-- Generated by org.testng.reporters.JUnitReportReporter -->
<testsuite hostname="DESKTOP-F19K3V3" failures="0" tests="1" name="tests.WikiTests" time="14.875" errors="0" timestamp="2022-02-25T18:58:46 ART" skipped="0">
  <testcase classname="tests.WikiTests" name="ValidarBusquedaWikipedia" time="14.875"/>
  <system-out/>
</testsuite> <!-- tests.WikiTests -->
